[11:52:03] [main/INFO]: Loading Minecraft 1.21 with Fabric Loader 0.15.11
[11:52:03] [main/INFO]: Loading 58 mods:
	- audioplayer 1.21-1.10.2
	   |-- admiral 0.4.4+1.20.5
	   |-- fabric-api-base 0.4.42+6573ed8c90
	   |-- fabric-command-api-v2 2.2.27+6a6dfa1990
	   \-- fabric-lifecycle-events-v1 2.3.9+98a7dbbb90
	- chunky 1.4.14
	- cloth-config 15.0.127
	   \-- cloth-basic-math 0.6.1
	- fabric-api 0.100.1+1.21
	   |-- fabric-api-base 0.4.42+6573ed8c90
	   |-- fabric-api-lookup-api-v1 1.6.65+b559734490
	   |-- fabric-biome-api-v1 13.0.28+6fc22b9990
	   |-- fabric-block-api-v1 1.0.22+0af3f5a790
	   |-- fabric-block-view-api-v2 1.0.10+6573ed8c90
	   |-- fabric-blockrenderlayer-v1 1.1.52+0af3f5a790
	   |-- fabric-client-tags-api-v1 1.1.15+6573ed8c90
	   |-- fabric-command-api-v1 1.2.48+f71b366f90
	   |-- fabric-command-api-v2 2.2.27+6a6dfa1990
	   |-- fabric-commands-v0 0.2.65+df3654b390
	   |-- fabric-content-registries-v0 8.0.11+b559734490
	   |-- fabric-convention-tags-v1 2.0.12+7f945d5b90
	   |-- fabric-convention-tags-v2 2.2.1+d153f34490
	   |-- fabric-crash-report-info-v1 0.2.29+0af3f5a790
	   |-- fabric-data-attachment-api-v1 1.1.22+6a6dfa1990
	   |-- fabric-data-generation-api-v1 20.2.6+16c4ae2590
	   |-- fabric-dimensions-v1 4.0.0+6fc22b9990
	   |-- fabric-entity-events-v1 1.6.12+6fc22b9990
	   |-- fabric-events-interaction-v0 0.7.10+e633f88390
	   |-- fabric-game-rule-api-v1 1.0.52+6573ed8c90
	   |-- fabric-item-api-v1 11.0.0+afdfc92190
	   |-- fabric-item-group-api-v1 4.1.0+00ab0a6390
	   |-- fabric-key-binding-api-v1 1.0.47+0af3f5a790
	   |-- fabric-keybindings-v0 0.2.45+df3654b390
	   |-- fabric-lifecycle-events-v1 2.3.9+98a7dbbb90
	   |-- fabric-loot-api-v2 3.0.9+6573ed8c90
	   |-- fabric-message-api-v1 6.0.13+6573ed8c90
	   |-- fabric-model-loading-api-v1 2.0.0+fe474d6b90
	   |-- fabric-networking-api-v1 4.1.0+686dcdce90
	   |-- fabric-object-builder-api-v1 15.1.10+d132107690
	   |-- fabric-particles-v1 4.0.2+6573ed8c90
	   |-- fabric-recipe-api-v1 5.0.8+6573ed8c90
	   |-- fabric-registry-sync-v0 5.0.21+b9828ba390
	   |-- fabric-renderer-api-v1 3.2.16+fe474d6b90
	   |-- fabric-renderer-indigo 1.6.3+cc9f121a90
	   |-- fabric-renderer-registries-v1 3.2.66+df3654b390
	   |-- fabric-rendering-data-attachment-v1 0.3.48+73761d2e90
	   |-- fabric-rendering-fluids-v1 3.1.6+b559734490
	   |-- fabric-rendering-v0 1.1.69+df3654b390
	   |-- fabric-rendering-v1 5.0.3+d132107690
	   |-- fabric-resource-conditions-api-v1 4.2.1+d153f34490
	   |-- fabric-resource-loader-v0 1.1.3+b559734490
	   |-- fabric-screen-api-v1 2.0.24+b559734490
	   |-- fabric-screen-handler-api-v1 1.3.78+b559734490
	   |-- fabric-sound-api-v1 1.0.23+6573ed8c90
	   |-- fabric-transfer-api-v1 5.1.12+b559734490
	   \-- fabric-transitive-access-wideners-v1 6.0.12+6573ed8c90
	- fabric-language-kotlin 1.11.0+kotlin.2.0.0
	   |-- org_jetbrains_kotlin_kotlin-reflect 2.0.0
	   |-- org_jetbrains_kotlin_kotlin-stdlib 2.0.0
	   |-- org_jetbrains_kotlin_kotlin-stdlib-jdk7 2.0.0
	   |-- org_jetbrains_kotlin_kotlin-stdlib-jdk8 2.0.0
	   |-- org_jetbrains_kotlinx_atomicfu-jvm 0.24.0
	   |-- org_jetbrains_kotlinx_kotlinx-coroutines-core-jvm 1.8.1
	   |-- org_jetbrains_kotlinx_kotlinx-coroutines-jdk8 1.8.1
	   |-- org_jetbrains_kotlinx_kotlinx-datetime-jvm 0.6.0
	   |-- org_jetbrains_kotlinx_kotlinx-serialization-cbor-jvm 1.6.3
	   |-- org_jetbrains_kotlinx_kotlinx-serialization-core-jvm 1.6.3
	   \-- org_jetbrains_kotlinx_kotlinx-serialization-json-jvm 1.6.3
	- fabricloader 0.15.11
	   \-- mixinextras 0.3.5
	- java 22
	- minecraft 1.21
	- voicechat 1.21-2.5.16
	   |-- fabric-api-base 0.4.42+6573ed8c90
	   |-- fabric-command-api-v2 2.2.27+6a6dfa1990
	   |-- fabric-key-binding-api-v1 1.0.47+0af3f5a790
	   |-- fabric-lifecycle-events-v1 2.3.9+98a7dbbb90
	   |-- fabric-networking-api-v1 4.1.0+686dcdce90
	   \-- fabric-resource-loader-v0 1.1.3+b559734490
[11:52:03] [main/INFO]: SpongePowered MIXIN Subsystem Version=0.8.5 Source=file:/D:/.minecraft/server/libraries/net/fabricmc/sponge-mixin/0.13.3+mixin.0.8.5/sponge-mixin-0.13.3+mixin.0.8.5.jar Service=Knot/Fabric Env=SERVER
[11:52:03] [main/INFO]: Compatibility level set to JAVA_17
[11:52:04] [main/INFO]: Initializing MixinExtras via com.llamalad7.mixinextras.service.MixinExtrasServiceImpl(version=0.3.5).
[11:52:09] [main/INFO]: [voicechat] Compatibility version 18
[11:52:09] [main/INFO]: [voicechat] Loading plugins
[11:52:09] [main/INFO]: [voicechat] Loaded 1 plugin(s)
[11:52:09] [main/INFO]: [voicechat] Initializing plugins
[11:52:09] [main/INFO]: [voicechat] Initialized 1 plugin(s)
[11:52:09] [main/INFO]: [voicechat] Registering events for 'audioplayer'
[11:52:09] [main/INFO]: Environment: Environment[sessionHost=https://sessionserver.mojang.com, servicesHost=https://api.minecraftservices.com, name=PROD]
[11:52:09] [main/INFO]: Found non-pack entry '.\.\worlds\Minecraftttt\datapacks\vanilla-refresh-1.4.18a.jar', ignoring
[11:52:09] [main/INFO]: Found non-pack entry '.\.\worlds\Minecraftttt\datapacks\craftable-invisibility-itemframe-1.1.jar', ignoring
[11:52:10] [main/INFO]: Loaded 1290 recipes
[11:52:10] [main/INFO]: Loaded 1399 advancements
[11:52:10] [main/INFO]: Applied 0 biome modifications to 0 of 64 new biomes in 911.6 μs
[11:52:11] [Server thread/INFO]: Starting minecraft server version 1.21
[11:52:11] [Server thread/INFO]: Loading properties
[11:52:11] [Server thread/INFO]: Default game type: SURVIVAL
[11:52:11] [Server thread/INFO]: Generating keypair
[11:52:11] [Server thread/INFO]: Starting Minecraft server on *:25565
[11:52:11] [Server thread/INFO]: Using default channel type
[11:52:11] [Server thread/INFO]: Preparing level "./worlds/Minecraftttt"
[11:52:12] [Server thread/INFO]: Preparing start region for dimension minecraft:overworld
[11:52:12] [Worker-Main-1/INFO]: Preparing spawn area: 0%
[11:52:12] [Server thread/INFO]: Time elapsed: 284 ms
[11:52:12] [Server thread/INFO]: Done (1.065s)! For help, type "help"
[11:52:12] [Server thread/INFO]: Starting GS4 status listener
[11:52:12] [Server thread/INFO]: Thread Query Listener started
[11:52:12] [Query Listener #1/INFO]: Query running on 0.0.0.0:25565
[11:52:12] [Server thread/INFO]: Loading audio file name mappings...
[11:52:12] [VoiceChatServerThread/INFO]: [voicechat] Voice chat server started at port 24454
[11:55:37] [User Authenticator #1/INFO]: UUID of player swagmasterjames is 79297bcd-962f-4594-9588-5e5a5349c509
[11:55:37] [Server thread/INFO]: swagmasterjames[/192.168.0.208:65165] logged in with entity id 60 at (-1708.6763207976005, 161.0, -408.28885562508697)
[11:55:37] [Server thread/INFO]: swagmasterjames joined the game
[11:55:38] [Server thread/INFO]: [voicechat] Received secret request of swagmasterjames (18)
[11:55:38] [Server thread/INFO]: [voicechat] Sent secret to swagmasterjames
[11:55:39] [VoiceChatPacketProcessingThread/INFO]: [voicechat] Successfully authenticated player 79297bcd-962f-4594-9588-5e5a5349c509
[11:55:40] [VoiceChatPacketProcessingThread/INFO]: [voicechat] Successfully validated connection of player 79297bcd-962f-4594-9588-5e5a5349c509
[11:55:40] [VoiceChatPacketProcessingThread/INFO]: [voicechat] Player swagmasterjames (79297bcd-962f-4594-9588-5e5a5349c509) successfully connected to voice chat
[12:02:51] [Server thread/INFO]: swagmasterjames lost connection: Disconnected
[12:02:51] [Server thread/INFO]: swagmasterjames left the game
[12:02:51] [Server thread/INFO]: [voicechat] Disconnecting client swagmasterjames
[12:13:04] [User Authenticator #2/INFO]: UUID of player swagmasterjames is 79297bcd-962f-4594-9588-5e5a5349c509
[12:13:04] [Server thread/INFO]: swagmasterjames[/192.168.0.208:49738] logged in with entity id 653 at (-1679.2096219182954, 161.0, -369.1110263767982)
[12:13:04] [Server thread/INFO]: swagmasterjames joined the game
[12:13:05] [Server thread/INFO]: [voicechat] Received secret request of swagmasterjames (18)
[12:13:05] [Server thread/INFO]: [voicechat] Sent secret to swagmasterjames
[12:13:06] [VoiceChatPacketProcessingThread/INFO]: [voicechat] Successfully authenticated player 79297bcd-962f-4594-9588-5e5a5349c509
[12:13:07] [VoiceChatPacketProcessingThread/INFO]: [voicechat] Successfully validated connection of player 79297bcd-962f-4594-9588-5e5a5349c509
[12:13:07] [VoiceChatPacketProcessingThread/INFO]: [voicechat] Player swagmasterjames (79297bcd-962f-4594-9588-5e5a5349c509) successfully connected to voice chat
[12:53:06] [Server thread/INFO]: swagmasterjames lost connection: Disconnected
[12:53:06] [Server thread/INFO]: swagmasterjames left the game
[12:53:06] [Server thread/INFO]: [voicechat] Disconnecting client swagmasterjames
[15:07:26] [User Authenticator #3/INFO]: UUID of player swagmasterjames is 79297bcd-962f-4594-9588-5e5a5349c509
[15:07:27] [Server thread/INFO]: swagmasterjames[/127.0.0.1:23244] logged in with entity id 4720 at (-1617.5216102356337, 154.0, -411.2424449689706)
[15:07:27] [Server thread/INFO]: swagmasterjames joined the game
[15:07:28] [Server thread/INFO]: [voicechat] Received secret request of swagmasterjames (18)
[15:07:28] [Server thread/INFO]: [voicechat] Sent secret to swagmasterjames
[15:07:29] [VoiceChatPacketProcessingThread/INFO]: [voicechat] Successfully authenticated player 79297bcd-962f-4594-9588-5e5a5349c509
[15:07:30] [VoiceChatPacketProcessingThread/INFO]: [voicechat] Successfully validated connection of player 79297bcd-962f-4594-9588-5e5a5349c509
[15:07:30] [VoiceChatPacketProcessingThread/INFO]: [voicechat] Player swagmasterjames (79297bcd-962f-4594-9588-5e5a5349c509) successfully connected to voice chat
[15:18:20] [Server thread/WARN]: swagmasterjames moved too quickly! 11.958718281562597,-2.326629739473674,13.547232095571598
[15:22:25] [Server thread/INFO]: swagmasterjames lost connection: Disconnected
[15:22:25] [Server thread/INFO]: swagmasterjames left the game
[15:22:25] [Server thread/INFO]: [voicechat] Disconnecting client swagmasterjames
[15:24:46] [User Authenticator #4/INFO]: UUID of player swagmasterjames is 79297bcd-962f-4594-9588-5e5a5349c509
[15:24:46] [Server thread/INFO]: swagmasterjames[/127.0.0.1:24764] logged in with entity id 9138 at (89.25749845657137, 82.0, 883.9046877317123)
[15:24:46] [Server thread/INFO]: swagmasterjames joined the game
[15:24:47] [Server thread/INFO]: [voicechat] Received secret request of swagmasterjames (18)
[15:24:47] [Server thread/INFO]: [voicechat] Sent secret to swagmasterjames
[15:24:47] [VoiceChatPacketProcessingThread/INFO]: [voicechat] Successfully authenticated player 79297bcd-962f-4594-9588-5e5a5349c509
[15:24:48] [VoiceChatPacketProcessingThread/INFO]: [voicechat] Successfully validated connection of player 79297bcd-962f-4594-9588-5e5a5349c509
[15:24:48] [VoiceChatPacketProcessingThread/INFO]: [voicechat] Player swagmasterjames (79297bcd-962f-4594-9588-5e5a5349c509) successfully connected to voice chat
[16:01:56] [Server thread/INFO]: swagmasterjames lost connection: Disconnected
[16:01:56] [Server thread/INFO]: swagmasterjames left the game
[16:01:56] [Server thread/INFO]: [voicechat] Disconnecting client swagmasterjames
